<?xml version="1.0" encoding="UTF-8"?>
<testsuite xmlns:xsi="http://www.w3.org/2001/XMLSchema-instance" xsi:noNamespaceSchemaLocation="https://maven.apache.org/surefire/maven-surefire-plugin/xsd/surefire-test-report.xsd" name="com.dabanjia.vayne.cache.service.MyTest" time="7.817" tests="4" errors="0" skipped="0" failures="0">
  <properties>
    <property name="sun.desktop" value="windows"/>
    <property name="awt.toolkit" value="sun.awt.windows.WToolkit"/>
    <property name="file.encoding.pkg" value="sun.io"/>
    <property name="java.specification.version" value="1.8"/>
    <property name="sun.cpu.isalist" value="amd64"/>
    <property name="sun.jnu.encoding" value="GBK"/>
    <property name="java.class.path" value="E:\workspace\vayne-cache\target\test-classes;E:\workspace\vayne-cache\target\classes;D:\Repositories\org\springframework\boot\spring-boot-starter-web\2.1.3.RELEASE\spring-boot-starter-web-2.1.3.RELEASE.jar;D:\Repositories\org\springframework\boot\spring-boot-starter-json\2.1.3.RELEASE\spring-boot-starter-json-2.1.3.RELEASE.jar;D:\Repositories\com\fasterxml\jackson\core\jackson-databind\2.9.8\jackson-databind-2.9.8.jar;D:\Repositories\com\fasterxml\jackson\core\jackson-annotations\2.9.0\jackson-annotations-2.9.0.jar;D:\Repositories\com\fasterxml\jackson\core\jackson-core\2.9.8\jackson-core-2.9.8.jar;D:\Repositories\com\fasterxml\jackson\datatype\jackson-datatype-jdk8\2.9.8\jackson-datatype-jdk8-2.9.8.jar;D:\Repositories\com\fasterxml\jackson\datatype\jackson-datatype-jsr310\2.9.8\jackson-datatype-jsr310-2.9.8.jar;D:\Repositories\com\fasterxml\jackson\module\jackson-module-parameter-names\2.9.8\jackson-module-parameter-names-2.9.8.jar;D:\Repositories\org\springframework\boot\spring-boot-starter-tomcat\2.1.3.RELEASE\spring-boot-starter-tomcat-2.1.3.RELEASE.jar;D:\Repositories\org\apache\tomcat\embed\tomcat-embed-core\9.0.16\tomcat-embed-core-9.0.16.jar;D:\Repositories\org\apache\tomcat\embed\tomcat-embed-el\9.0.16\tomcat-embed-el-9.0.16.jar;D:\Repositories\org\apache\tomcat\embed\tomcat-embed-websocket\9.0.16\tomcat-embed-websocket-9.0.16.jar;D:\Repositories\org\hibernate\validator\hibernate-validator\6.0.14.Final\hibernate-validator-6.0.14.Final.jar;D:\Repositories\javax\validation\validation-api\2.0.1.Final\validation-api-2.0.1.Final.jar;D:\Repositories\org\jboss\logging\jboss-logging\3.3.2.Final\jboss-logging-3.3.2.Final.jar;D:\Repositories\com\fasterxml\classmate\1.4.0\classmate-1.4.0.jar;D:\Repositories\org\springframework\spring-web\5.1.5.RELEASE\spring-web-5.1.5.RELEASE.jar;D:\Repositories\org\springframework\spring-beans\5.1.5.RELEASE\spring-beans-5.1.5.RELEASE.jar;D:\Repositories\org\springframework\spring-webmvc\5.1.5.RELEASE\spring-webmvc-5.1.5.RELEASE.jar;D:\Repositories\org\springframework\spring-context\5.1.5.RELEASE\spring-context-5.1.5.RELEASE.jar;D:\Repositories\org\springframework\spring-expression\5.1.5.RELEASE\spring-expression-5.1.5.RELEASE.jar;D:\Repositories\org\springframework\boot\spring-boot-starter\2.1.3.RELEASE\spring-boot-starter-2.1.3.RELEASE.jar;D:\Repositories\org\springframework\boot\spring-boot\2.1.3.RELEASE\spring-boot-2.1.3.RELEASE.jar;D:\Repositories\org\springframework\boot\spring-boot-autoconfigure\2.1.3.RELEASE\spring-boot-autoconfigure-2.1.3.RELEASE.jar;D:\Repositories\org\springframework\boot\spring-boot-starter-logging\2.1.3.RELEASE\spring-boot-starter-logging-2.1.3.RELEASE.jar;D:\Repositories\ch\qos\logback\logback-classic\1.2.3\logback-classic-1.2.3.jar;D:\Repositories\ch\qos\logback\logback-core\1.2.3\logback-core-1.2.3.jar;D:\Repositories\org\apache\logging\log4j\log4j-to-slf4j\2.11.2\log4j-to-slf4j-2.11.2.jar;D:\Repositories\org\apache\logging\log4j\log4j-api\2.11.2\log4j-api-2.11.2.jar;D:\Repositories\org\slf4j\jul-to-slf4j\1.7.25\jul-to-slf4j-1.7.25.jar;D:\Repositories\javax\annotation\javax.annotation-api\1.3.2\javax.annotation-api-1.3.2.jar;D:\Repositories\org\springframework\spring-core\5.1.5.RELEASE\spring-core-5.1.5.RELEASE.jar;D:\Repositories\org\springframework\spring-jcl\5.1.5.RELEASE\spring-jcl-5.1.5.RELEASE.jar;D:\Repositories\org\yaml\snakeyaml\1.23\snakeyaml-1.23.jar;D:\Repositories\org\springframework\boot\spring-boot-starter-aop\2.1.3.RELEASE\spring-boot-starter-aop-2.1.3.RELEASE.jar;D:\Repositories\org\springframework\spring-aop\5.1.5.RELEASE\spring-aop-5.1.5.RELEASE.jar;D:\Repositories\org\aspectj\aspectjweaver\1.9.2\aspectjweaver-1.9.2.jar;D:\Repositories\org\springframework\boot\spring-boot-starter-test\2.1.3.RELEASE\spring-boot-starter-test-2.1.3.RELEASE.jar;D:\Repositories\org\springframework\boot\spring-boot-test\2.1.3.RELEASE\spring-boot-test-2.1.3.RELEASE.jar;D:\Repositories\org\springframework\boot\spring-boot-test-autoconfigure\2.1.3.RELEASE\spring-boot-test-autoconfigure-2.1.3.RELEASE.jar;D:\Repositories\com\jayway\jsonpath\json-path\2.4.0\json-path-2.4.0.jar;D:\Repositories\net\minidev\json-smart\2.3\json-smart-2.3.jar;D:\Repositories\net\minidev\accessors-smart\1.2\accessors-smart-1.2.jar;D:\Repositories\org\ow2\asm\asm\5.0.4\asm-5.0.4.jar;D:\Repositories\org\slf4j\slf4j-api\1.7.25\slf4j-api-1.7.25.jar;D:\Repositories\junit\junit\4.12\junit-4.12.jar;D:\Repositories\org\assertj\assertj-core\3.11.1\assertj-core-3.11.1.jar;D:\Repositories\org\mockito\mockito-core\2.23.4\mockito-core-2.23.4.jar;D:\Repositories\net\bytebuddy\byte-buddy\1.9.10\byte-buddy-1.9.10.jar;D:\Repositories\net\bytebuddy\byte-buddy-agent\1.9.10\byte-buddy-agent-1.9.10.jar;D:\Repositories\org\objenesis\objenesis\2.6\objenesis-2.6.jar;D:\Repositories\org\hamcrest\hamcrest-core\1.3\hamcrest-core-1.3.jar;D:\Repositories\org\hamcrest\hamcrest-library\1.3\hamcrest-library-1.3.jar;D:\Repositories\org\skyscreamer\jsonassert\1.5.0\jsonassert-1.5.0.jar;D:\Repositories\com\vaadin\external\google\android-json\0.0.20131108.vaadin1\android-json-0.0.20131108.vaadin1.jar;D:\Repositories\org\springframework\spring-test\5.1.5.RELEASE\spring-test-5.1.5.RELEASE.jar;D:\Repositories\org\xmlunit\xmlunit-core\2.6.2\xmlunit-core-2.6.2.jar;D:\Repositories\org\projectlombok\lombok\1.18.6\lombok-1.18.6.jar;D:\Repositories\biz\paluch\redis\lettuce\4.4.2.Final\lettuce-4.4.2.Final.jar;D:\Repositories\io\reactivex\rxjava\1.3.8\rxjava-1.3.8.jar;D:\Repositories\io\netty\netty-common\4.1.33.Final\netty-common-4.1.33.Final.jar;D:\Repositories\io\netty\netty-transport\4.1.33.Final\netty-transport-4.1.33.Final.jar;D:\Repositories\io\netty\netty-buffer\4.1.33.Final\netty-buffer-4.1.33.Final.jar;D:\Repositories\io\netty\netty-resolver\4.1.33.Final\netty-resolver-4.1.33.Final.jar;D:\Repositories\io\netty\netty-handler\4.1.33.Final\netty-handler-4.1.33.Final.jar;D:\Repositories\io\netty\netty-codec\4.1.33.Final\netty-codec-4.1.33.Final.jar;D:\Repositories\com\google\guava\guava\19.0\guava-19.0.jar;D:\Repositories\io\lettuce\lettuce-core\5.0.5.RELEASE\lettuce-core-5.0.5.RELEASE.jar;D:\Repositories\io\projectreactor\reactor-core\3.2.6.RELEASE\reactor-core-3.2.6.RELEASE.jar;D:\Repositories\org\reactivestreams\reactive-streams\1.0.2\reactive-streams-1.0.2.jar;D:\Repositories\com\alibaba\fastjson\1.2.51\fastjson-1.2.51.jar;"/>
    <property name="java.vm.vendor" value="Oracle Corporation"/>
    <property name="sun.arch.data.model" value="64"/>
    <property name="user.variant" value=""/>
    <property name="java.vendor.url" value="http://java.oracle.com/"/>
    <property name="user.timezone" value="Asia/Shanghai"/>
    <property name="java.vm.specification.version" value="1.8"/>
    <property name="os.name" value="Windows 10"/>
    <property name="user.country" value="CN"/>
    <property name="sun.java.launcher" value="SUN_STANDARD"/>
    <property name="sun.boot.library.path" value="D:\Program Files\java\jdk1.8\jre\bin"/>
    <property name="sun.java.command" value="C:\Users\ADMINI~1\AppData\Local\Temp\surefire1343306591481703716\surefirebooter3387268620350501192.jar C:\Users\Administrator\AppData\Local\Temp\surefire1343306591481703716 2019-04-09T15-17-04_450-jvmRun1 surefire6738079348356119898tmp surefire_0667799938565686527tmp"/>
    <property name="surefire.test.class.path" value="E:\workspace\vayne-cache\target\test-classes;E:\workspace\vayne-cache\target\classes;D:\Repositories\org\springframework\boot\spring-boot-starter-web\2.1.3.RELEASE\spring-boot-starter-web-2.1.3.RELEASE.jar;D:\Repositories\org\springframework\boot\spring-boot-starter-json\2.1.3.RELEASE\spring-boot-starter-json-2.1.3.RELEASE.jar;D:\Repositories\com\fasterxml\jackson\core\jackson-databind\2.9.8\jackson-databind-2.9.8.jar;D:\Repositories\com\fasterxml\jackson\core\jackson-annotations\2.9.0\jackson-annotations-2.9.0.jar;D:\Repositories\com\fasterxml\jackson\core\jackson-core\2.9.8\jackson-core-2.9.8.jar;D:\Repositories\com\fasterxml\jackson\datatype\jackson-datatype-jdk8\2.9.8\jackson-datatype-jdk8-2.9.8.jar;D:\Repositories\com\fasterxml\jackson\datatype\jackson-datatype-jsr310\2.9.8\jackson-datatype-jsr310-2.9.8.jar;D:\Repositories\com\fasterxml\jackson\module\jackson-module-parameter-names\2.9.8\jackson-module-parameter-names-2.9.8.jar;D:\Repositories\org\springframework\boot\spring-boot-starter-tomcat\2.1.3.RELEASE\spring-boot-starter-tomcat-2.1.3.RELEASE.jar;D:\Repositories\org\apache\tomcat\embed\tomcat-embed-core\9.0.16\tomcat-embed-core-9.0.16.jar;D:\Repositories\org\apache\tomcat\embed\tomcat-embed-el\9.0.16\tomcat-embed-el-9.0.16.jar;D:\Repositories\org\apache\tomcat\embed\tomcat-embed-websocket\9.0.16\tomcat-embed-websocket-9.0.16.jar;D:\Repositories\org\hibernate\validator\hibernate-validator\6.0.14.Final\hibernate-validator-6.0.14.Final.jar;D:\Repositories\javax\validation\validation-api\2.0.1.Final\validation-api-2.0.1.Final.jar;D:\Repositories\org\jboss\logging\jboss-logging\3.3.2.Final\jboss-logging-3.3.2.Final.jar;D:\Repositories\com\fasterxml\classmate\1.4.0\classmate-1.4.0.jar;D:\Repositories\org\springframework\spring-web\5.1.5.RELEASE\spring-web-5.1.5.RELEASE.jar;D:\Repositories\org\springframework\spring-beans\5.1.5.RELEASE\spring-beans-5.1.5.RELEASE.jar;D:\Repositories\org\springframework\spring-webmvc\5.1.5.RELEASE\spring-webmvc-5.1.5.RELEASE.jar;D:\Repositories\org\springframework\spring-context\5.1.5.RELEASE\spring-context-5.1.5.RELEASE.jar;D:\Repositories\org\springframework\spring-expression\5.1.5.RELEASE\spring-expression-5.1.5.RELEASE.jar;D:\Repositories\org\springframework\boot\spring-boot-starter\2.1.3.RELEASE\spring-boot-starter-2.1.3.RELEASE.jar;D:\Repositories\org\springframework\boot\spring-boot\2.1.3.RELEASE\spring-boot-2.1.3.RELEASE.jar;D:\Repositories\org\springframework\boot\spring-boot-autoconfigure\2.1.3.RELEASE\spring-boot-autoconfigure-2.1.3.RELEASE.jar;D:\Repositories\org\springframework\boot\spring-boot-starter-logging\2.1.3.RELEASE\spring-boot-starter-logging-2.1.3.RELEASE.jar;D:\Repositories\ch\qos\logback\logback-classic\1.2.3\logback-classic-1.2.3.jar;D:\Repositories\ch\qos\logback\logback-core\1.2.3\logback-core-1.2.3.jar;D:\Repositories\org\apache\logging\log4j\log4j-to-slf4j\2.11.2\log4j-to-slf4j-2.11.2.jar;D:\Repositories\org\apache\logging\log4j\log4j-api\2.11.2\log4j-api-2.11.2.jar;D:\Repositories\org\slf4j\jul-to-slf4j\1.7.25\jul-to-slf4j-1.7.25.jar;D:\Repositories\javax\annotation\javax.annotation-api\1.3.2\javax.annotation-api-1.3.2.jar;D:\Repositories\org\springframework\spring-core\5.1.5.RELEASE\spring-core-5.1.5.RELEASE.jar;D:\Repositories\org\springframework\spring-jcl\5.1.5.RELEASE\spring-jcl-5.1.5.RELEASE.jar;D:\Repositories\org\yaml\snakeyaml\1.23\snakeyaml-1.23.jar;D:\Repositories\org\springframework\boot\spring-boot-starter-aop\2.1.3.RELEASE\spring-boot-starter-aop-2.1.3.RELEASE.jar;D:\Repositories\org\springframework\spring-aop\5.1.5.RELEASE\spring-aop-5.1.5.RELEASE.jar;D:\Repositories\org\aspectj\aspectjweaver\1.9.2\aspectjweaver-1.9.2.jar;D:\Repositories\org\springframework\boot\spring-boot-starter-test\2.1.3.RELEASE\spring-boot-starter-test-2.1.3.RELEASE.jar;D:\Repositories\org\springframework\boot\spring-boot-test\2.1.3.RELEASE\spring-boot-test-2.1.3.RELEASE.jar;D:\Repositories\org\springframework\boot\spring-boot-test-autoconfigure\2.1.3.RELEASE\spring-boot-test-autoconfigure-2.1.3.RELEASE.jar;D:\Repositories\com\jayway\jsonpath\json-path\2.4.0\json-path-2.4.0.jar;D:\Repositories\net\minidev\json-smart\2.3\json-smart-2.3.jar;D:\Repositories\net\minidev\accessors-smart\1.2\accessors-smart-1.2.jar;D:\Repositories\org\ow2\asm\asm\5.0.4\asm-5.0.4.jar;D:\Repositories\org\slf4j\slf4j-api\1.7.25\slf4j-api-1.7.25.jar;D:\Repositories\junit\junit\4.12\junit-4.12.jar;D:\Repositories\org\assertj\assertj-core\3.11.1\assertj-core-3.11.1.jar;D:\Repositories\org\mockito\mockito-core\2.23.4\mockito-core-2.23.4.jar;D:\Repositories\net\bytebuddy\byte-buddy\1.9.10\byte-buddy-1.9.10.jar;D:\Repositories\net\bytebuddy\byte-buddy-agent\1.9.10\byte-buddy-agent-1.9.10.jar;D:\Repositories\org\objenesis\objenesis\2.6\objenesis-2.6.jar;D:\Repositories\org\hamcrest\hamcrest-core\1.3\hamcrest-core-1.3.jar;D:\Repositories\org\hamcrest\hamcrest-library\1.3\hamcrest-library-1.3.jar;D:\Repositories\org\skyscreamer\jsonassert\1.5.0\jsonassert-1.5.0.jar;D:\Repositories\com\vaadin\external\google\android-json\0.0.20131108.vaadin1\android-json-0.0.20131108.vaadin1.jar;D:\Repositories\org\springframework\spring-test\5.1.5.RELEASE\spring-test-5.1.5.RELEASE.jar;D:\Repositories\org\xmlunit\xmlunit-core\2.6.2\xmlunit-core-2.6.2.jar;D:\Repositories\org\projectlombok\lombok\1.18.6\lombok-1.18.6.jar;D:\Repositories\biz\paluch\redis\lettuce\4.4.2.Final\lettuce-4.4.2.Final.jar;D:\Repositories\io\reactivex\rxjava\1.3.8\rxjava-1.3.8.jar;D:\Repositories\io\netty\netty-common\4.1.33.Final\netty-common-4.1.33.Final.jar;D:\Repositories\io\netty\netty-transport\4.1.33.Final\netty-transport-4.1.33.Final.jar;D:\Repositories\io\netty\netty-buffer\4.1.33.Final\netty-buffer-4.1.33.Final.jar;D:\Repositories\io\netty\netty-resolver\4.1.33.Final\netty-resolver-4.1.33.Final.jar;D:\Repositories\io\netty\netty-handler\4.1.33.Final\netty-handler-4.1.33.Final.jar;D:\Repositories\io\netty\netty-codec\4.1.33.Final\netty-codec-4.1.33.Final.jar;D:\Repositories\com\google\guava\guava\19.0\guava-19.0.jar;D:\Repositories\io\lettuce\lettuce-core\5.0.5.RELEASE\lettuce-core-5.0.5.RELEASE.jar;D:\Repositories\io\projectreactor\reactor-core\3.2.6.RELEASE\reactor-core-3.2.6.RELEASE.jar;D:\Repositories\org\reactivestreams\reactive-streams\1.0.2\reactive-streams-1.0.2.jar;D:\Repositories\com\alibaba\fastjson\1.2.51\fastjson-1.2.51.jar;"/>
    <property name="sun.cpu.endian" value="little"/>
    <property name="user.home" value="C:\Users\Administrator"/>
    <property name="user.language" value="zh"/>
    <property name="java.specification.vendor" value="Oracle Corporation"/>
    <property name="java.home" value="D:\Program Files\java\jdk1.8\jre"/>
    <property name="basedir" value="E:\workspace\vayne-cache"/>
    <property name="file.separator" value="\"/>
    <property name="line.separator" value="&#10;"/>
    <property name="java.vm.specification.vendor" value="Oracle Corporation"/>
    <property name="java.specification.name" value="Java Platform API Specification"/>
    <property name="java.awt.graphicsenv" value="sun.awt.Win32GraphicsEnvironment"/>
    <property name="surefire.real.class.path" value="C:\Users\ADMINI~1\AppData\Local\Temp\surefire1343306591481703716\surefirebooter3387268620350501192.jar"/>
    <property name="sun.boot.class.path" value="D:\Program Files\java\jdk1.8\jre\lib\resources.jar;D:\Program Files\java\jdk1.8\jre\lib\rt.jar;D:\Program Files\java\jdk1.8\jre\lib\sunrsasign.jar;D:\Program Files\java\jdk1.8\jre\lib\jsse.jar;D:\Program Files\java\jdk1.8\jre\lib\jce.jar;D:\Program Files\java\jdk1.8\jre\lib\charsets.jar;D:\Program Files\java\jdk1.8\jre\lib\jfr.jar;D:\Program Files\java\jdk1.8\jre\classes"/>
    <property name="user.script" value=""/>
    <property name="sun.management.compiler" value="HotSpot 64-Bit Tiered Compilers"/>
    <property name="java.runtime.version" value="1.8.0_181-b13"/>
    <property name="user.name" value="Administrator"/>
    <property name="path.separator" value=";"/>
    <property name="os.version" value="10.0"/>
    <property name="java.endorsed.dirs" value="D:\Program Files\java\jdk1.8\jre\lib\endorsed"/>
    <property name="java.runtime.name" value="Java(TM) SE Runtime Environment"/>
    <property name="file.encoding" value="GBK"/>
    <property name="java.vm.name" value="Java HotSpot(TM) 64-Bit Server VM"/>
    <property name="localRepository" value="D:\Repositories"/>
    <property name="java.vendor.url.bug" value="http://bugreport.sun.com/bugreport/"/>
    <property name="java.io.tmpdir" value="C:\Users\ADMINI~1\AppData\Local\Temp\"/>
    <property name="java.version" value="1.8.0_181"/>
    <property name="user.dir" value="E:\workspace\vayne-cache"/>
    <property name="os.arch" value="amd64"/>
    <property name="java.vm.specification.name" value="Java Virtual Machine Specification"/>
    <property name="java.awt.printerjob" value="sun.awt.windows.WPrinterJob"/>
    <property name="sun.os.patch.level" value=""/>
    <property name="idea.version2019.1" value="true"/>
    <property name="java.library.path" value="D:\Program Files\java\jdk1.8\jre\bin;C:\WINDOWS\Sun\Java\bin;C:\WINDOWS\system32;C:\WINDOWS;C:\WINDOWS\system32;C:\WINDOWS;C:\WINDOWS\System32\Wbem;C:\WINDOWS\System32\WindowsPowerShell\v1.0\;C:\WINDOWS\System32\OpenSSH\;D:\Program Files\java\jdk1.8\bin;D:\Program Files\java\jdk1.8\jre\bin;D:\Program Files\apache-maven-3.5.4\bin;D:\Program Files\TortoiseSVN\bin;D:\Program Files\node-v10.13.0-win-x64;D:\Program Files\node-v10.13.0-win-x64\node_global;D:\Program Files\apache-tomcat-8.5.34\lib;D:\Program Files\apache-tomcat-8.5.34\bin;D:\Program Files\mysql-8.0.12-winx64\bin;D:\Program Files\Git\cmd;C:\Users\Administrator\AppData\Local\Microsoft\WindowsApps;."/>
    <property name="java.vm.info" value="mixed mode"/>
    <property name="java.vendor" value="Oracle Corporation"/>
    <property name="java.vm.version" value="25.181-b13"/>
    <property name="java.ext.dirs" value="D:\Program Files\java\jdk1.8\jre\lib\ext;C:\WINDOWS\Sun\Java\lib\ext"/>
    <property name="sun.io.unicode.encoding" value="UnicodeLittle"/>
    <property name="java.class.version" value="52.0"/>
  </properties>
  <testcase name="getUser" classname="com.dabanjia.vayne.cache.service.MyTest" time="2.028"/>
  <testcase name="test" classname="com.dabanjia.vayne.cache.service.MyTest" time="0.02"/>
  <testcase name="test2" classname="com.dabanjia.vayne.cache.service.MyTest" time="0.05"/>
  <testcase name="invalidCache" classname="com.dabanjia.vayne.cache.service.MyTest" time="0.037"/>
</testsuite>